<?xml version="1.0" encoding="UTF-8"?>
<!-- Generated by org.testng.reporters.JUnitReportReporter -->
<testsuite hostname="DESKTOP-TRKSDC0" failures="0" tests="1" name="Testcases.TC02_Add_Products" time="4.945" errors="0" timestamp="2025-06-15T13:15:45 IST" skipped="0">
  <testcase classname="Testcases.TC02_Add_Products" name="TC02_Add_Products" time="4.945"/>
</testsuite> <!-- Testcases.TC02_Add_Products -->
